2019/3/27 22:43:03
 
Log
Academy resetting

Log
Seed: 89

Log
Academy resetting

Log
Seed: 85

Log
You reached floor: 1

Log
Seed: 99

Log
Academy resetting

Log
Seed: 79

Log
You reached floor: 1

Log
Seed: 78

Log
Academy resetting

Log
Seed: 3

Log
You reached floor: 1

Log
Seed: 34

Log
Academy resetting

Log
Seed: 40

Log
Seed: 68

Log
Academy resetting

Log
Seed: 33

Log
You reached floor: 1

Log
Seed: 44

Log
Academy resetting

Log
Seed: 46

Log
Seed: 5

Log
Academy resetting

Log
Seed: 82

Log
Seed: 93

Log
Academy resetting

Log
Seed: 52

Log
Seed: 70

